<?xml version="1.0" encoding="UTF-8"?>
<testng-results total="1" passed="1" failed="0" skipped="0">
  <reporter-output>
  </reporter-output>
  <suite started-at="2019-06-13T13:34:25Z" name="Default suite" finished-at="2019-06-13T13:35:16Z" duration-ms="50890">
    <groups>
    </groups>
    <test started-at="2019-06-13T13:34:25Z" name="Default test" finished-at="2019-06-13T13:35:16Z" duration-ms="50890">
      <class name="JDBCConnection">
        <test-method signature="getInfo()[pri:0, instance:JDBCConnection@258e2e41]" started-at="2019-06-13T19:04:25Z" name="getInfo" finished-at="2019-06-13T19:05:16Z" duration-ms="50865" status="PASS">
          <reporter-output>
          </reporter-output>
        </test-method> <!-- getInfo -->
      </class> <!-- JDBCConnection -->
    </test> <!-- Default test -->
  </suite> <!-- Default suite -->
</testng-results>
